<?xml version="1.0" encoding="UTF-8"?>
<!-- Generated by org.testng.reporters.JUnitXMLReporter -->
<testsuite ignored="0" hostname="Anzhela-PC" failures="1" tests="1" name="Test1" time="5.916" errors="0" timestamp="2019-02-24T16:24:20 CET">
  <testcase classname="sutsko_projects.tests.LoginTest" name="LoginTest" time="0.003">
    <failure type="java.lang.NullPointerException">
      <![CDATA[java.lang.NullPointerException
at sutsko_projects.tests.LoginTest.LoginTest(LoginTest.java:22)
... Removed 28 stack frames]]>
    </failure>
  </testcase> <!-- LoginTest -->
</testsuite> <!-- Test1 -->
