<?xml version="1.0" encoding="UTF-8"?>
<testng-results ignored="0" total="1" passed="1" failed="0" skipped="0">
  <reporter-output>
  </reporter-output>
  <suite started-at="2019-02-24T15:28:04 CET" name="Tests" finished-at="2019-02-24T15:28:16 CET" duration-ms="11869">
    <groups>
    </groups>
    <test started-at="2019-02-24T15:28:04 CET" name="Test1" finished-at="2019-02-24T15:28:16 CET" duration-ms="11869">
      <class name="sutsko_projects.tests.LoginTest">
        <test-method is-config="true" signature="init()[pri:0, instance:sutsko_projects.tests.LoginTest@11fc564b]" started-at="2019-02-24T15:28:04 CET" name="init" finished-at="2019-02-24T15:28:07 CET" duration-ms="3338" status="PASS">
          <reporter-output>
          </reporter-output>
        </test-method> <!-- init -->
        <test-method signature="LoginTest()[pri:0, instance:sutsko_projects.tests.LoginTest@11fc564b]" started-at="2019-02-24T15:28:07 CET" name="LoginTest" finished-at="2019-02-24T15:28:16 CET" duration-ms="8509" status="PASS">
          <reporter-output>
          </reporter-output>
        </test-method> <!-- LoginTest -->
        <test-method is-config="true" signature="tearDown()[pri:0, instance:sutsko_projects.tests.LoginTest@11fc564b]" started-at="2019-02-24T15:28:16 CET" name="tearDown" finished-at="2019-02-24T15:28:17 CET" duration-ms="690" status="PASS">
          <reporter-output>
          </reporter-output>
        </test-method> <!-- tearDown -->
      </class> <!-- sutsko_projects.tests.LoginTest -->
    </test> <!-- Test1 -->
  </suite> <!-- Tests -->
</testng-results>
