-------------------------------------------------------------------------------
Test set: TestSuite
-------------------------------------------------------------------------------
Tests run: 1, Failures: 1, Errors: 0, Skipped: 0, Time elapsed: 7.748 sec <<< FAILURE! - in TestSuite
LoginTest(sutsko_projects.tests.LoginTest)  Time elapsed: 0.001 sec  <<< FAILURE!
java.lang.NullPointerException: null
	at sutsko_projects.tests.LoginTest.LoginTest(LoginTest.java:22)

